0 info it worked if it ends with ok
1 verbose cli [ 'D:\\nodejs\\node.exe',
1 verbose cli   'D:\\nodejs\\node_modules\\npm\\bin\\npm-cli.js',
1 verbose cli   'start' ]
2 info using npm@3.8.6
3 info using node@v6.1.0
4 verbose run-script [ 'prestart', 'start', 'poststart' ]
5 info lifecycle express@0.0.0~prestart: express@0.0.0
6 silly lifecycle express@0.0.0~prestart: no script for prestart, continuing
7 info lifecycle express@0.0.0~start: express@0.0.0
8 verbose lifecycle express@0.0.0~start: unsafe-perm in lifecycle true
9 verbose lifecycle express@0.0.0~start: PATH: D:\nodejs\node_modules\npm\bin\node-gyp-bin;C:\Users\admin\Desktop\privateGit\express\node_modules\.bin;D:\nodejs;C:\Users\admin\Desktop\privateGit\phpwww\php5.6\ext;C:\Users\admin\Desktop\privateGit\phpwww\php5.6;d:\mysql5.6.33\bin;C:\Ruby23\bin;C:\Program Files\Java\jdk1.7.0_80\bin;D:\works\tools\server\maven\apache-maven-3.1.0/bin;C:\windows\system32;C:\windows;C:\windows\System32\Wbem;C:\windows\System32\WindowsPowerShell\v1.0\;d:\Git\cmd;D:\nodejs\;D:\nodejs\node.exe;C:\Program Files (x86)\Microsoft VS Code\bin;C:\Users\admin\AppData\Roaming\npm
10 verbose lifecycle express@0.0.0~start: CWD: C:\Users\admin\Desktop\privateGit\express
11 silly lifecycle express@0.0.0~start: Args: [ '/d /s /c', 'node ./bin/www' ]
12 silly lifecycle express@0.0.0~start: Returned: code: 1  signal: null
13 info lifecycle express@0.0.0~start: Failed to exec start script
14 verbose stack Error: express@0.0.0 start: `node ./bin/www`
14 verbose stack Exit status 1
14 verbose stack     at EventEmitter.<anonymous> (D:\nodejs\node_modules\npm\lib\utils\lifecycle.js:239:16)
14 verbose stack     at emitTwo (events.js:106:13)
14 verbose stack     at EventEmitter.emit (events.js:191:7)
14 verbose stack     at ChildProcess.<anonymous> (D:\nodejs\node_modules\npm\lib\utils\spawn.js:24:14)
14 verbose stack     at emitTwo (events.js:106:13)
14 verbose stack     at ChildProcess.emit (events.js:191:7)
14 verbose stack     at maybeClose (internal/child_process.js:850:16)
14 verbose stack     at Process.ChildProcess._handle.onexit (internal/child_process.js:215:5)
15 verbose pkgid express@0.0.0
16 verbose cwd C:\Users\admin\Desktop\privateGit\express\bin
17 error Windows_NT 6.1.7601
18 error argv "D:\\nodejs\\node.exe" "D:\\nodejs\\node_modules\\npm\\bin\\npm-cli.js" "start"
19 error node v6.1.0
20 error npm  v3.8.6
21 error code ELIFECYCLE
22 error express@0.0.0 start: `node ./bin/www`
22 error Exit status 1
23 error Failed at the express@0.0.0 start script 'node ./bin/www'.
23 error Make sure you have the latest version of node.js and npm installed.
23 error If you do, this is most likely a problem with the express package,
23 error not with npm itself.
23 error Tell the author that this fails on your system:
23 error     node ./bin/www
23 error You can get information on how to open an issue for this project with:
23 error     npm bugs express
23 error Or if that isn't available, you can get their info via:
23 error     npm owner ls express
23 error There is likely additional logging output above.
24 verbose exit [ 1, true ]
