[2017-02-22 13:43:30.046] [ERROR] database - C:\Users\admin\Desktop\privateGit\ZZCMS\core\controllers\api_reports.controller.js { Error: ER_PARSE_ERROR: You have an error in your SQL syntax; check the manual that corresponds to your MySQL server version for the right syntax to use near 'insert1 into reports(id,frist_class,child_class,report_catalog,report_url,report' at line 1
    at Query.Sequence._packetToError (C:\Users\admin\Desktop\privateGit\ZZCMS\node_modules\mysql\lib\protocol\sequences\Sequence.js:52:14)
    at Query.ErrorPacket (C:\Users\admin\Desktop\privateGit\ZZCMS\node_modules\mysql\lib\protocol\sequences\Query.js:83:18)
    at Protocol._parsePacket (C:\Users\admin\Desktop\privateGit\ZZCMS\node_modules\mysql\lib\protocol\Protocol.js:280:23)
    at Parser.write (C:\Users\admin\Desktop\privateGit\ZZCMS\node_modules\mysql\lib\protocol\Parser.js:74:12)
    at Protocol.write (C:\Users\admin\Desktop\privateGit\ZZCMS\node_modules\mysql\lib\protocol\Protocol.js:39:16)
    at Socket.<anonymous> (C:\Users\admin\Desktop\privateGit\ZZCMS\node_modules\mysql\lib\Connection.js:109:28)
    at emitOne (events.js:96:13)
    at Socket.emit (events.js:188:7)
    at readableAddChunk (_stream_readable.js:176:18)
    at Socket.Readable.push (_stream_readable.js:134:10)
    --------------------
    at Protocol._enqueue (C:\Users\admin\Desktop\privateGit\ZZCMS\node_modules\mysql\lib\protocol\Protocol.js:141:48)
    at PoolConnection.query (C:\Users\admin\Desktop\privateGit\ZZCMS\node_modules\mysql\lib\Connection.js:214:25)
    at C:\Users\admin\Desktop\privateGit\ZZCMS\lib\db.lib.js:20:14
    at Ping.onOperationComplete [as _callback] (C:\Users\admin\Desktop\privateGit\ZZCMS\node_modules\mysql\lib\Pool.js:108:5)
    at Ping.Sequence.end (C:\Users\admin\Desktop\privateGit\ZZCMS\node_modules\mysql\lib\protocol\sequences\Sequence.js:86:24)
    at Ping.Sequence.OkPacket (C:\Users\admin\Desktop\privateGit\ZZCMS\node_modules\mysql\lib\protocol\sequences\Sequence.js:95:8)
    at Protocol._parsePacket (C:\Users\admin\Desktop\privateGit\ZZCMS\node_modules\mysql\lib\protocol\Protocol.js:280:23)
    at Parser.write (C:\Users\admin\Desktop\privateGit\ZZCMS\node_modules\mysql\lib\protocol\Parser.js:74:12)
    at Protocol.write (C:\Users\admin\Desktop\privateGit\ZZCMS\node_modules\mysql\lib\protocol\Protocol.js:39:16)
    at Socket.<anonymous> (C:\Users\admin\Desktop\privateGit\ZZCMS\node_modules\mysql\lib\Connection.js:109:28)
  code: 'ER_PARSE_ERROR',
  errno: 1064,
  sqlState: '42000',
  index: 0,
  type: 'database' }
[2017-02-22 13:43:30.059] [ERROR] access - POST /api/report
[2017-02-22 13:48:36.127] [ERROR] database - C:\Users\admin\Desktop\privateGit\ZZCMS\core\controllers\api_reports.controller.js { Error: ER_PARSE_ERROR: You have an error in your SQL syntax; check the manual that corresponds to your MySQL server version for the right syntax to use near 'insert1 into reports(id,frist_class,child_class,report_catalog,report_url,report' at line 1
    at Query.Sequence._packetToError (C:\Users\admin\Desktop\privateGit\ZZCMS\node_modules\mysql\lib\protocol\sequences\Sequence.js:52:14)
    at Query.ErrorPacket (C:\Users\admin\Desktop\privateGit\ZZCMS\node_modules\mysql\lib\protocol\sequences\Query.js:83:18)
    at Protocol._parsePacket (C:\Users\admin\Desktop\privateGit\ZZCMS\node_modules\mysql\lib\protocol\Protocol.js:280:23)
    at Parser.write (C:\Users\admin\Desktop\privateGit\ZZCMS\node_modules\mysql\lib\protocol\Parser.js:74:12)
    at Protocol.write (C:\Users\admin\Desktop\privateGit\ZZCMS\node_modules\mysql\lib\protocol\Protocol.js:39:16)
    at Socket.<anonymous> (C:\Users\admin\Desktop\privateGit\ZZCMS\node_modules\mysql\lib\Connection.js:109:28)
    at emitOne (events.js:96:13)
    at Socket.emit (events.js:188:7)
    at readableAddChunk (_stream_readable.js:176:18)
    at Socket.Readable.push (_stream_readable.js:134:10)
    --------------------
    at Protocol._enqueue (C:\Users\admin\Desktop\privateGit\ZZCMS\node_modules\mysql\lib\protocol\Protocol.js:141:48)
    at PoolConnection.query (C:\Users\admin\Desktop\privateGit\ZZCMS\node_modules\mysql\lib\Connection.js:214:25)
    at C:\Users\admin\Desktop\privateGit\ZZCMS\lib\db.lib.js:20:14
    at Ping.onOperationComplete [as _callback] (C:\Users\admin\Desktop\privateGit\ZZCMS\node_modules\mysql\lib\Pool.js:108:5)
    at Ping.Sequence.end (C:\Users\admin\Desktop\privateGit\ZZCMS\node_modules\mysql\lib\protocol\sequences\Sequence.js:86:24)
    at Ping.Sequence.OkPacket (C:\Users\admin\Desktop\privateGit\ZZCMS\node_modules\mysql\lib\protocol\sequences\Sequence.js:95:8)
    at Protocol._parsePacket (C:\Users\admin\Desktop\privateGit\ZZCMS\node_modules\mysql\lib\protocol\Protocol.js:280:23)
    at Parser.write (C:\Users\admin\Desktop\privateGit\ZZCMS\node_modules\mysql\lib\protocol\Parser.js:74:12)
    at Protocol.write (C:\Users\admin\Desktop\privateGit\ZZCMS\node_modules\mysql\lib\protocol\Protocol.js:39:16)
    at Socket.<anonymous> (C:\Users\admin\Desktop\privateGit\ZZCMS\node_modules\mysql\lib\Connection.js:109:28)
  code: 'ER_PARSE_ERROR',
  errno: 1064,
  sqlState: '42000',
  index: 0,
  type: 'database' }
[2017-02-22 13:48:36.132] [ERROR] access - POST /api/report
[2017-02-22 14:24:32.382] [ERROR] access - GET /api/reports/list
[2017-02-22 14:24:41.140] [ERROR] access - GET /api/reports/list
[2017-02-22 14:26:21.485] [ERROR] access - GET /api/reports/list
[2017-02-22 14:27:23.441] [ERROR] access - POST /api/reports
[2017-02-22 14:28:43.526] [ERROR] access - GET /api/reports/list
[2017-02-22 14:34:00.666] [ERROR] database - C:\Users\admin\Desktop\privateGit\ZZCMS\core\controllers\api_reports.controller.js { Error: ER_PARSE_ERROR: You have an error in your SQL syntax; check the manual that corresponds to your MySQL server version for the right syntax to use near 'select0 * from reports' at line 1
    at Query.Sequence._packetToError (C:\Users\admin\Desktop\privateGit\ZZCMS\node_modules\mysql\lib\protocol\sequences\Sequence.js:52:14)
    at Query.ErrorPacket (C:\Users\admin\Desktop\privateGit\ZZCMS\node_modules\mysql\lib\protocol\sequences\Query.js:83:18)
    at Protocol._parsePacket (C:\Users\admin\Desktop\privateGit\ZZCMS\node_modules\mysql\lib\protocol\Protocol.js:280:23)
    at Parser.write (C:\Users\admin\Desktop\privateGit\ZZCMS\node_modules\mysql\lib\protocol\Parser.js:74:12)
    at Protocol.write (C:\Users\admin\Desktop\privateGit\ZZCMS\node_modules\mysql\lib\protocol\Protocol.js:39:16)
    at Socket.<anonymous> (C:\Users\admin\Desktop\privateGit\ZZCMS\node_modules\mysql\lib\Connection.js:109:28)
    at emitOne (events.js:96:13)
    at Socket.emit (events.js:188:7)
    at readableAddChunk (_stream_readable.js:176:18)
    at Socket.Readable.push (_stream_readable.js:134:10)
    --------------------
    at Protocol._enqueue (C:\Users\admin\Desktop\privateGit\ZZCMS\node_modules\mysql\lib\protocol\Protocol.js:141:48)
    at PoolConnection.query (C:\Users\admin\Desktop\privateGit\ZZCMS\node_modules\mysql\lib\Connection.js:214:25)
    at C:\Users\admin\Desktop\privateGit\ZZCMS\lib\db.lib.js:20:14
    at Ping.onOperationComplete [as _callback] (C:\Users\admin\Desktop\privateGit\ZZCMS\node_modules\mysql\lib\Pool.js:108:5)
    at Ping.Sequence.end (C:\Users\admin\Desktop\privateGit\ZZCMS\node_modules\mysql\lib\protocol\sequences\Sequence.js:86:24)
    at Ping.Sequence.OkPacket (C:\Users\admin\Desktop\privateGit\ZZCMS\node_modules\mysql\lib\protocol\sequences\Sequence.js:95:8)
    at Protocol._parsePacket (C:\Users\admin\Desktop\privateGit\ZZCMS\node_modules\mysql\lib\protocol\Protocol.js:280:23)
    at Parser.write (C:\Users\admin\Desktop\privateGit\ZZCMS\node_modules\mysql\lib\protocol\Parser.js:74:12)
    at Protocol.write (C:\Users\admin\Desktop\privateGit\ZZCMS\node_modules\mysql\lib\protocol\Protocol.js:39:16)
    at Socket.<anonymous> (C:\Users\admin\Desktop\privateGit\ZZCMS\node_modules\mysql\lib\Connection.js:109:28)
  code: 'ER_PARSE_ERROR',
  errno: 1064,
  sqlState: '42000',
  index: 0,
  type: 'database' }
[2017-02-22 14:34:00.677] [ERROR] access - GET /api/reports/list
[2017-02-22 14:39:56.324] [ERROR] database - C:\Users\admin\Desktop\privateGit\ZZCMS\core\controllers\api_reports.controller.js { Error: ER_PARSE_ERROR: You have an error in your SQL syntax; check the manual that corresponds to your MySQL server version for the right syntax to use near 'select0 * from reports' at line 1
    at Query.Sequence._packetToError (C:\Users\admin\Desktop\privateGit\ZZCMS\node_modules\mysql\lib\protocol\sequences\Sequence.js:52:14)
    at Query.ErrorPacket (C:\Users\admin\Desktop\privateGit\ZZCMS\node_modules\mysql\lib\protocol\sequences\Query.js:83:18)
    at Protocol._parsePacket (C:\Users\admin\Desktop\privateGit\ZZCMS\node_modules\mysql\lib\protocol\Protocol.js:280:23)
    at Parser.write (C:\Users\admin\Desktop\privateGit\ZZCMS\node_modules\mysql\lib\protocol\Parser.js:74:12)
    at Protocol.write (C:\Users\admin\Desktop\privateGit\ZZCMS\node_modules\mysql\lib\protocol\Protocol.js:39:16)
    at Socket.<anonymous> (C:\Users\admin\Desktop\privateGit\ZZCMS\node_modules\mysql\lib\Connection.js:109:28)
    at emitOne (events.js:96:13)
    at Socket.emit (events.js:188:7)
    at readableAddChunk (_stream_readable.js:176:18)
    at Socket.Readable.push (_stream_readable.js:134:10)
    --------------------
    at Protocol._enqueue (C:\Users\admin\Desktop\privateGit\ZZCMS\node_modules\mysql\lib\protocol\Protocol.js:141:48)
    at PoolConnection.query (C:\Users\admin\Desktop\privateGit\ZZCMS\node_modules\mysql\lib\Connection.js:214:25)
    at C:\Users\admin\Desktop\privateGit\ZZCMS\lib\db.lib.js:20:14
    at Ping.onOperationComplete [as _callback] (C:\Users\admin\Desktop\privateGit\ZZCMS\node_modules\mysql\lib\Pool.js:108:5)
    at Ping.Sequence.end (C:\Users\admin\Desktop\privateGit\ZZCMS\node_modules\mysql\lib\protocol\sequences\Sequence.js:86:24)
    at Ping.Sequence.OkPacket (C:\Users\admin\Desktop\privateGit\ZZCMS\node_modules\mysql\lib\protocol\sequences\Sequence.js:95:8)
    at Protocol._parsePacket (C:\Users\admin\Desktop\privateGit\ZZCMS\node_modules\mysql\lib\protocol\Protocol.js:280:23)
    at Parser.write (C:\Users\admin\Desktop\privateGit\ZZCMS\node_modules\mysql\lib\protocol\Parser.js:74:12)
    at Protocol.write (C:\Users\admin\Desktop\privateGit\ZZCMS\node_modules\mysql\lib\protocol\Protocol.js:39:16)
    at Socket.<anonymous> (C:\Users\admin\Desktop\privateGit\ZZCMS\node_modules\mysql\lib\Connection.js:109:28)
  code: 'ER_PARSE_ERROR',
  errno: 1064,
  sqlState: '42000',
  index: 0,
  type: 'database' }
[2017-02-22 14:39:56.328] [ERROR] access - GET /api/reports/list
[2017-02-22 14:41:20.731] [ERROR] database - C:\Users\admin\Desktop\privateGit\ZZCMS\core\controllers\api_reports.controller.js { Error: ER_PARSE_ERROR: You have an error in your SQL syntax; check the manual that corresponds to your MySQL server version for the right syntax to use near 'select0 * from reports' at line 1
    at Query.Sequence._packetToError (C:\Users\admin\Desktop\privateGit\ZZCMS\node_modules\mysql\lib\protocol\sequences\Sequence.js:52:14)
    at Query.ErrorPacket (C:\Users\admin\Desktop\privateGit\ZZCMS\node_modules\mysql\lib\protocol\sequences\Query.js:83:18)
    at Protocol._parsePacket (C:\Users\admin\Desktop\privateGit\ZZCMS\node_modules\mysql\lib\protocol\Protocol.js:280:23)
    at Parser.write (C:\Users\admin\Desktop\privateGit\ZZCMS\node_modules\mysql\lib\protocol\Parser.js:74:12)
    at Protocol.write (C:\Users\admin\Desktop\privateGit\ZZCMS\node_modules\mysql\lib\protocol\Protocol.js:39:16)
    at Socket.<anonymous> (C:\Users\admin\Desktop\privateGit\ZZCMS\node_modules\mysql\lib\Connection.js:109:28)
    at emitOne (events.js:96:13)
    at Socket.emit (events.js:188:7)
    at readableAddChunk (_stream_readable.js:176:18)
    at Socket.Readable.push (_stream_readable.js:134:10)
    --------------------
    at Protocol._enqueue (C:\Users\admin\Desktop\privateGit\ZZCMS\node_modules\mysql\lib\protocol\Protocol.js:141:48)
    at PoolConnection.query (C:\Users\admin\Desktop\privateGit\ZZCMS\node_modules\mysql\lib\Connection.js:214:25)
    at C:\Users\admin\Desktop\privateGit\ZZCMS\lib\db.lib.js:20:14
    at Ping.onOperationComplete [as _callback] (C:\Users\admin\Desktop\privateGit\ZZCMS\node_modules\mysql\lib\Pool.js:108:5)
    at Ping.Sequence.end (C:\Users\admin\Desktop\privateGit\ZZCMS\node_modules\mysql\lib\protocol\sequences\Sequence.js:86:24)
    at Ping.Sequence.OkPacket (C:\Users\admin\Desktop\privateGit\ZZCMS\node_modules\mysql\lib\protocol\sequences\Sequence.js:95:8)
    at Protocol._parsePacket (C:\Users\admin\Desktop\privateGit\ZZCMS\node_modules\mysql\lib\protocol\Protocol.js:280:23)
    at Parser.write (C:\Users\admin\Desktop\privateGit\ZZCMS\node_modules\mysql\lib\protocol\Parser.js:74:12)
    at Protocol.write (C:\Users\admin\Desktop\privateGit\ZZCMS\node_modules\mysql\lib\protocol\Protocol.js:39:16)
    at Socket.<anonymous> (C:\Users\admin\Desktop\privateGit\ZZCMS\node_modules\mysql\lib\Connection.js:109:28)
  code: 'ER_PARSE_ERROR',
  errno: 1064,
  sqlState: '42000',
  index: 0,
  type: 'database' }
[2017-02-22 14:41:20.735] [ERROR] access - GET /api/reports/list
[2017-02-22 14:43:11.320] [ERROR] database - C:\Users\admin\Desktop\privateGit\ZZCMS\core\controllers\api_reports.controller.js { Error: ER_PARSE_ERROR: You have an error in your SQL syntax; check the manual that corresponds to your MySQL server version for the right syntax to use near 'select0 * from reports' at line 1
    at Query.Sequence._packetToError (C:\Users\admin\Desktop\privateGit\ZZCMS\node_modules\mysql\lib\protocol\sequences\Sequence.js:52:14)
    at Query.ErrorPacket (C:\Users\admin\Desktop\privateGit\ZZCMS\node_modules\mysql\lib\protocol\sequences\Query.js:83:18)
    at Protocol._parsePacket (C:\Users\admin\Desktop\privateGit\ZZCMS\node_modules\mysql\lib\protocol\Protocol.js:280:23)
    at Parser.write (C:\Users\admin\Desktop\privateGit\ZZCMS\node_modules\mysql\lib\protocol\Parser.js:74:12)
    at Protocol.write (C:\Users\admin\Desktop\privateGit\ZZCMS\node_modules\mysql\lib\protocol\Protocol.js:39:16)
    at Socket.<anonymous> (C:\Users\admin\Desktop\privateGit\ZZCMS\node_modules\mysql\lib\Connection.js:109:28)
    at emitOne (events.js:96:13)
    at Socket.emit (events.js:188:7)
    at readableAddChunk (_stream_readable.js:176:18)
    at Socket.Readable.push (_stream_readable.js:134:10)
    --------------------
    at Protocol._enqueue (C:\Users\admin\Desktop\privateGit\ZZCMS\node_modules\mysql\lib\protocol\Protocol.js:141:48)
    at PoolConnection.query (C:\Users\admin\Desktop\privateGit\ZZCMS\node_modules\mysql\lib\Connection.js:214:25)
    at C:\Users\admin\Desktop\privateGit\ZZCMS\lib\db.lib.js:20:14
    at Ping.onOperationComplete [as _callback] (C:\Users\admin\Desktop\privateGit\ZZCMS\node_modules\mysql\lib\Pool.js:108:5)
    at Ping.Sequence.end (C:\Users\admin\Desktop\privateGit\ZZCMS\node_modules\mysql\lib\protocol\sequences\Sequence.js:86:24)
    at Ping.Sequence.OkPacket (C:\Users\admin\Desktop\privateGit\ZZCMS\node_modules\mysql\lib\protocol\sequences\Sequence.js:95:8)
    at Protocol._parsePacket (C:\Users\admin\Desktop\privateGit\ZZCMS\node_modules\mysql\lib\protocol\Protocol.js:280:23)
    at Parser.write (C:\Users\admin\Desktop\privateGit\ZZCMS\node_modules\mysql\lib\protocol\Parser.js:74:12)
    at Protocol.write (C:\Users\admin\Desktop\privateGit\ZZCMS\node_modules\mysql\lib\protocol\Protocol.js:39:16)
    at Socket.<anonymous> (C:\Users\admin\Desktop\privateGit\ZZCMS\node_modules\mysql\lib\Connection.js:109:28)
  code: 'ER_PARSE_ERROR',
  errno: 1064,
  sqlState: '42000',
  index: 0,
  type: 'database' }
[2017-02-22 14:43:11.331] [ERROR] access - GET /api/reports/list
[2017-02-22 14:43:37.766] [ERROR] database - C:\Users\admin\Desktop\privateGit\ZZCMS\core\controllers\api_reports.controller.js { Error: ER_PARSE_ERROR: You have an error in your SQL syntax; check the manual that corresponds to your MySQL server version for the right syntax to use near 'select0 * from reports' at line 1
    at Query.Sequence._packetToError (C:\Users\admin\Desktop\privateGit\ZZCMS\node_modules\mysql\lib\protocol\sequences\Sequence.js:52:14)
    at Query.ErrorPacket (C:\Users\admin\Desktop\privateGit\ZZCMS\node_modules\mysql\lib\protocol\sequences\Query.js:83:18)
    at Protocol._parsePacket (C:\Users\admin\Desktop\privateGit\ZZCMS\node_modules\mysql\lib\protocol\Protocol.js:280:23)
    at Parser.write (C:\Users\admin\Desktop\privateGit\ZZCMS\node_modules\mysql\lib\protocol\Parser.js:74:12)
    at Protocol.write (C:\Users\admin\Desktop\privateGit\ZZCMS\node_modules\mysql\lib\protocol\Protocol.js:39:16)
    at Socket.<anonymous> (C:\Users\admin\Desktop\privateGit\ZZCMS\node_modules\mysql\lib\Connection.js:109:28)
    at emitOne (events.js:96:13)
    at Socket.emit (events.js:188:7)
    at readableAddChunk (_stream_readable.js:176:18)
    at Socket.Readable.push (_stream_readable.js:134:10)
    --------------------
    at Protocol._enqueue (C:\Users\admin\Desktop\privateGit\ZZCMS\node_modules\mysql\lib\protocol\Protocol.js:141:48)
    at PoolConnection.query (C:\Users\admin\Desktop\privateGit\ZZCMS\node_modules\mysql\lib\Connection.js:214:25)
    at C:\Users\admin\Desktop\privateGit\ZZCMS\lib\db.lib.js:20:14
    at Ping.onOperationComplete [as _callback] (C:\Users\admin\Desktop\privateGit\ZZCMS\node_modules\mysql\lib\Pool.js:108:5)
    at Ping.Sequence.end (C:\Users\admin\Desktop\privateGit\ZZCMS\node_modules\mysql\lib\protocol\sequences\Sequence.js:86:24)
    at Ping.Sequence.OkPacket (C:\Users\admin\Desktop\privateGit\ZZCMS\node_modules\mysql\lib\protocol\sequences\Sequence.js:95:8)
    at Protocol._parsePacket (C:\Users\admin\Desktop\privateGit\ZZCMS\node_modules\mysql\lib\protocol\Protocol.js:280:23)
    at Parser.write (C:\Users\admin\Desktop\privateGit\ZZCMS\node_modules\mysql\lib\protocol\Parser.js:74:12)
    at Protocol.write (C:\Users\admin\Desktop\privateGit\ZZCMS\node_modules\mysql\lib\protocol\Protocol.js:39:16)
    at Socket.<anonymous> (C:\Users\admin\Desktop\privateGit\ZZCMS\node_modules\mysql\lib\Connection.js:109:28)
  code: 'ER_PARSE_ERROR',
  errno: 1064,
  sqlState: '42000',
  index: 0,
  type: 'database' }
[2017-02-22 14:43:37.769] [ERROR] access - GET /api/reports/list
[2017-02-22 15:23:13.251] [ERROR] access - DELETE /api/reports/list
[2017-02-22 15:23:31.854] [ERROR] access - DELETE /api/reports/list
[2017-02-22 15:23:40.295] [ERROR] access - DELETE /api/reports/list
[2017-02-22 16:18:35.745] [ERROR] access - GET /api/reports/list
[2017-02-22 16:18:35.750] [ERROR] access - GET /api/reports/list
[2017-02-22 16:18:44.055] [ERROR] access - GET /api/reports/list
[2017-02-22 16:18:44.065] [ERROR] access - GET /api/reports/list
[2017-02-22 16:19:05.636] [ERROR] access - GET /api/reports/list
[2017-02-22 16:19:05.651] [ERROR] access - GET /api/reports/list
[2017-02-22 16:19:08.721] [ERROR] access - GET /api/reports/list
[2017-02-22 16:19:08.757] [ERROR] access - GET /api/reports/list
[2017-02-22 16:19:42.039] [ERROR] access - GET /api/reports/list
[2017-02-22 16:19:42.043] [ERROR] access - GET /api/reports/list
[2017-02-22 16:21:46.906] [ERROR] access - GET /api/reports/list
[2017-02-22 16:23:56.776] [ERROR] access - GET /api/reports/list
