[2017-02-28 09:19:09.729] [ERROR] access - GET /lib/js/bootstrap-select.js.map
[2017-02-28 09:38:49.352] [ERROR] access - GET /lib/js/bootstrap-select.js.map
[2017-02-28 09:39:09.359] [ERROR] access - GET /lib/js/bootstrap-select.js.map
[2017-02-28 09:39:57.876] [ERROR] access - GET /lib/js/bootstrap-select.js.map
[2017-02-28 09:40:28.885] [ERROR] access - GET /lib/js/bootstrap-select.js.map
[2017-02-28 09:41:48.632] [ERROR] access - GET /lib/js/bootstrap-select.js.map
[2017-02-28 09:42:34.440] [ERROR] access - GET /lib/js/bootstrap-select.js.map
[2017-02-28 09:43:05.171] [ERROR] access - GET /lib/js/bootstrap-select.js.map
[2017-02-28 09:43:26.867] [ERROR] access - GET /lib/js/bootstrap-select.js.map
[2017-02-28 09:45:35.959] [ERROR] access - GET /lib/js/bootstrap-select.js.map
[2017-02-28 09:48:20.028] [ERROR] access - GET /lib/js/bootstrap-select.js.map
[2017-02-28 09:52:03.294] [ERROR] access - GET /lib/js/bootstrap-select.js.map
[2017-02-28 09:53:21.837] [ERROR] access - GET /lib/js/bootstrap-select.js.map
[2017-02-28 09:54:42.708] [ERROR] access - GET /lib/js/bootstrap-select.js.map
[2017-02-28 09:59:20.897] [ERROR] access - GET /lib/js/bootstrap-select.js.map
[2017-02-28 09:59:43.446] [ERROR] access - GET /lib/js/bootstrap-select.js.map
[2017-02-28 10:00:49.101] [ERROR] access - GET /lib/js/bootstrap-select.js.map
[2017-02-28 10:01:57.747] [ERROR] access - GET /lib/js/bootstrap-select.js.map
[2017-02-28 10:02:20.028] [ERROR] access - GET /lib/js/bootstrap-select.js.map
[2017-02-28 10:03:48.155] [ERROR] access - GET /lib/js/bootstrap-select.js.map
[2017-02-28 10:04:06.297] [ERROR] access - GET /lib/js/bootstrap-select.js.map
[2017-02-28 10:04:10.252] [ERROR] access - GET /lib/js/bootstrap-select.js.map
[2017-02-28 10:11:28.697] [ERROR] access - GET /lib/js/bootstrap-select.js.map
[2017-02-28 10:28:13.515] [ERROR] access - GET /lib/js/bootstrap-select.js.map
[2017-02-28 10:29:10.140] [ERROR] access - GET /lib/js/bootstrap-select.js.map
[2017-02-28 10:29:25.890] [ERROR] access - GET /lib/js/bootstrap-select.js.map
[2017-02-28 10:30:05.310] [ERROR] access - GET /lib/js/bootstrap-select.js.map
[2017-02-28 10:38:41.814] [ERROR] access - GET /lib/js/bootstrap-select.js.map
[2017-02-28 10:41:34.722] [ERROR] access - GET /lib/js/bootstrap-select.js.map
[2017-02-28 11:13:44.293] [ERROR] access - GET /lib/js/bootstrap-select.js.map
[2017-02-28 11:14:03.011] [ERROR] access - GET /lib/js/bootstrap-select.js.map
[2017-02-28 11:19:48.944] [ERROR] access - GET /lib/js/bootstrap-select.js.map
[2017-02-28 11:20:11.576] [ERROR] access - GET /lib/js/bootstrap-select.js.map
[2017-02-28 11:20:36.434] [ERROR] access - GET /lib/js/bootstrap-select.js.map
[2017-02-28 11:21:22.659] [ERROR] access - GET /lib/js/bootstrap-select.js.map
[2017-02-28 11:22:14.518] [ERROR] access - GET /lib/js/bootstrap-select.js.map
[2017-02-28 11:22:20.689] [ERROR] access - GET /lib/js/bootstrap-select.js.map
[2017-02-28 11:22:28.271] [ERROR] access - GET /lib/js/bootstrap-select.js.map
[2017-02-28 11:23:14.439] [ERROR] access - GET /lib/js/bootstrap-select.js.map
[2017-02-28 11:23:23.332] [ERROR] access - GET /lib/js/bootstrap-select.js.map
[2017-02-28 11:55:51.563] [ERROR] access - PUT /api/reports
[2017-02-28 11:57:03.188] [ERROR] access - GET /lib/js/bootstrap-select.js.map
[2017-02-28 12:00:59.644] [ERROR] access - GET /lib/js/bootstrap-select.js.map
[2017-02-28 12:01:07.723] [ERROR] access - GET /lib/js/bootstrap-select.js.map
[2017-02-28 12:01:49.870] [ERROR] access - GET /lib/js/bootstrap-select.js.map
[2017-02-28 14:12:59.065] [ERROR] access - GET /lib/js/bootstrap-select.js.map
[2017-02-28 14:14:09.579] [ERROR] access - GET /lib/js/bootstrap-select.js.map
[2017-02-28 14:16:34.401] [ERROR] access - GET /lib/js/bootstrap-select.js.map
[2017-02-28 14:17:46.180] [ERROR] access - GET /lib/js/bootstrap-select.js.map
[2017-02-28 14:41:58.332] [ERROR] access - GET /lib/js/bootstrap-select.js.map
[2017-02-28 14:44:34.977] [ERROR] access - GET /lib/js/bootstrap-select.js.map
[2017-02-28 14:45:38.404] [ERROR] access - GET /lib/js/bootstrap-select.js.map
[2017-02-28 15:57:20.378] [ERROR] access - GET /fonts/fontawesome-webfont.woff2?v=4.3.0
[2017-02-28 15:57:20.509] [ERROR] access - GET /fonts/fontawesome-webfont.woff?v=4.3.0
[2017-02-28 15:57:20.836] [ERROR] access - GET /fonts/fontawesome-webfont.ttf?v=4.3.0
[2017-02-28 15:58:05.947] [ERROR] access - GET /fonts/fontawesome-webfont.woff2?v=4.3.0
[2017-02-28 15:58:06.019] [ERROR] access - GET /fonts/fontawesome-webfont.woff?v=4.3.0
[2017-02-28 15:58:06.038] [ERROR] access - GET /fonts/fontawesome-webfont.ttf?v=4.3.0
[2017-02-28 15:58:12.068] [ERROR] access - GET /fonts/fontawesome-webfont.woff2?v=4.3.0
[2017-02-28 15:58:12.260] [ERROR] access - GET /fonts/fontawesome-webfont.woff?v=4.3.0
[2017-02-28 15:58:12.315] [ERROR] access - GET /fonts/fontawesome-webfont.ttf?v=4.3.0
[2017-02-28 15:58:43.064] [ERROR] access - GET /fonts/fontawesome-webfont.woff2?v=4.3.0
[2017-02-28 15:58:43.194] [ERROR] access - GET /fonts/fontawesome-webfont.woff?v=4.3.0
[2017-02-28 15:58:43.248] [ERROR] access - GET /fonts/fontawesome-webfont.ttf?v=4.3.0
[2017-02-28 15:58:59.905] [ERROR] access - GET /fonts/fontawesome-webfont.woff2?v=4.3.0
[2017-02-28 15:58:59.933] [ERROR] access - GET /fonts/fontawesome-webfont.woff?v=4.3.0
[2017-02-28 15:59:00.038] [ERROR] access - GET /fonts/fontawesome-webfont.ttf?v=4.3.0
[2017-02-28 15:59:56.870] [ERROR] access - GET /fonts/fontawesome-webfont.woff2?v=4.3.0
[2017-02-28 15:59:56.902] [ERROR] access - GET /fonts/fontawesome-webfont.woff?v=4.3.0
[2017-02-28 15:59:56.908] [ERROR] access - GET /fonts/fontawesome-webfont.ttf?v=4.3.0
[2017-02-28 16:00:00.856] [ERROR] access - GET /fonts/fontawesome-webfont.woff2?v=4.3.0
[2017-02-28 16:00:00.882] [ERROR] access - GET /fonts/fontawesome-webfont.woff?v=4.3.0
[2017-02-28 16:00:00.913] [ERROR] access - GET /fonts/fontawesome-webfont.ttf?v=4.3.0
[2017-02-28 16:00:30.737] [ERROR] access - GET /fonts/fontawesome-webfont.woff2?v=4.3.0
[2017-02-28 16:00:30.766] [ERROR] access - GET /fonts/fontawesome-webfont.woff?v=4.3.0
[2017-02-28 16:00:30.896] [ERROR] access - GET /fonts/fontawesome-webfont.ttf?v=4.3.0
[2017-02-28 16:00:34.605] [ERROR] access - GET /fonts/fontawesome-webfont.woff2?v=4.3.0
[2017-02-28 16:00:34.646] [ERROR] access - GET /fonts/fontawesome-webfont.woff?v=4.3.0
[2017-02-28 16:00:34.661] [ERROR] access - GET /fonts/fontawesome-webfont.ttf?v=4.3.0
[2017-02-28 16:00:41.026] [ERROR] access - GET /fonts/fontawesome-webfont.woff2?v=4.3.0
[2017-02-28 16:00:41.056] [ERROR] access - GET /fonts/fontawesome-webfont.woff?v=4.3.0
[2017-02-28 16:00:41.075] [ERROR] access - GET /fonts/fontawesome-webfont.ttf?v=4.3.0
[2017-02-28 16:00:44.151] [ERROR] access - GET /fonts/fontawesome-webfont.woff2?v=4.3.0
[2017-02-28 16:00:44.191] [ERROR] access - GET /fonts/fontawesome-webfont.woff?v=4.3.0
[2017-02-28 16:00:44.205] [ERROR] access - GET /fonts/fontawesome-webfont.ttf?v=4.3.0
[2017-02-28 16:00:49.380] [ERROR] access - GET /fonts/fontawesome-webfont.woff2?v=4.3.0
[2017-02-28 16:00:49.403] [ERROR] access - GET /fonts/fontawesome-webfont.woff?v=4.3.0
[2017-02-28 16:00:49.416] [ERROR] access - GET /fonts/fontawesome-webfont.ttf?v=4.3.0
[2017-02-28 16:01:07.290] [ERROR] access - GET /fonts/fontawesome-webfont.woff2?v=4.3.0
[2017-02-28 16:01:07.311] [ERROR] access - GET /fonts/fontawesome-webfont.woff?v=4.3.0
[2017-02-28 16:01:07.331] [ERROR] access - GET /fonts/fontawesome-webfont.ttf?v=4.3.0
[2017-02-28 16:01:20.814] [ERROR] access - GET /fonts/fontawesome-webfont.woff2?v=4.3.0
[2017-02-28 16:01:20.836] [ERROR] access - GET /fonts/fontawesome-webfont.woff?v=4.3.0
[2017-02-28 16:01:20.854] [ERROR] access - GET /fonts/fontawesome-webfont.ttf?v=4.3.0
[2017-02-28 16:01:23.784] [ERROR] access - GET /fonts/fontawesome-webfont.woff2?v=4.3.0
[2017-02-28 16:01:23.824] [ERROR] access - GET /fonts/fontawesome-webfont.woff?v=4.3.0
[2017-02-28 16:01:23.838] [ERROR] access - GET /fonts/fontawesome-webfont.ttf?v=4.3.0
[2017-02-28 16:01:27.419] [ERROR] access - GET /fonts/fontawesome-webfont.woff2?v=4.3.0
[2017-02-28 16:01:27.463] [ERROR] access - GET /fonts/fontawesome-webfont.woff?v=4.3.0
[2017-02-28 16:01:27.476] [ERROR] access - GET /fonts/fontawesome-webfont.ttf?v=4.3.0
[2017-02-28 16:01:42.836] [ERROR] access - GET /fonts/fontawesome-webfont.woff2?v=4.3.0
[2017-02-28 16:01:42.858] [ERROR] access - GET /fonts/fontawesome-webfont.woff?v=4.3.0
[2017-02-28 16:01:42.873] [ERROR] access - GET /fonts/fontawesome-webfont.ttf?v=4.3.0
[2017-02-28 16:01:49.827] [ERROR] access - GET /fonts/fontawesome-webfont.woff2?v=4.3.0
[2017-02-28 16:01:49.847] [ERROR] access - GET /fonts/fontawesome-webfont.woff?v=4.3.0
[2017-02-28 16:01:49.870] [ERROR] access - GET /fonts/fontawesome-webfont.ttf?v=4.3.0
[2017-02-28 16:01:54.313] [ERROR] access - GET /fonts/fontawesome-webfont.woff2?v=4.3.0
[2017-02-28 16:01:54.334] [ERROR] access - GET /fonts/fontawesome-webfont.woff?v=4.3.0
[2017-02-28 16:01:54.345] [ERROR] access - GET /fonts/fontawesome-webfont.ttf?v=4.3.0
[2017-02-28 16:08:50.933] [ERROR] access - GET /fonts/fontawesome-webfont.woff2?v=4.3.0
[2017-02-28 16:08:50.964] [ERROR] access - GET /fonts/fontawesome-webfont.woff?v=4.3.0
[2017-02-28 16:08:50.969] [ERROR] access - GET /fonts/fontawesome-webfont.ttf?v=4.3.0
