[2017-02-24 13:58:23.492] [ERROR] database - C:\Users\admin\Desktop\privateGit\ZZCMS\core\controllers\api_reports.controller.js { Error: ER_PARSE_ERROR: You have an error in your SQL syntax; check the manual that corresponds to your MySQL server version for the right syntax to use near 'stg">第一章 中国维生素B2行业发展环境分析</strong></p><p>　　' at line 1
    at Query.Sequence._packetToError (C:\Users\admin\Desktop\privateGit\ZZCMS\node_modules\mysql\lib\protocol\sequences\Sequence.js:52:14)
    at Query.ErrorPacket (C:\Users\admin\Desktop\privateGit\ZZCMS\node_modules\mysql\lib\protocol\sequences\Query.js:83:18)
    at Protocol._parsePacket (C:\Users\admin\Desktop\privateGit\ZZCMS\node_modules\mysql\lib\protocol\Protocol.js:280:23)
    at Parser.write (C:\Users\admin\Desktop\privateGit\ZZCMS\node_modules\mysql\lib\protocol\Parser.js:74:12)
    at Protocol.write (C:\Users\admin\Desktop\privateGit\ZZCMS\node_modules\mysql\lib\protocol\Protocol.js:39:16)
    at Socket.<anonymous> (C:\Users\admin\Desktop\privateGit\ZZCMS\node_modules\mysql\lib\Connection.js:109:28)
    at emitOne (events.js:96:13)
    at Socket.emit (events.js:188:7)
    at readableAddChunk (_stream_readable.js:176:18)
    at Socket.Readable.push (_stream_readable.js:134:10)
    at TCP.onread (net.js:551:20)
    --------------------
    at Protocol._enqueue (C:\Users\admin\Desktop\privateGit\ZZCMS\node_modules\mysql\lib\protocol\Protocol.js:141:48)
    at PoolConnection.query (C:\Users\admin\Desktop\privateGit\ZZCMS\node_modules\mysql\lib\Connection.js:214:25)
    at C:\Users\admin\Desktop\privateGit\ZZCMS\lib\db.lib.js:20:14
    at Ping.onOperationComplete [as _callback] (C:\Users\admin\Desktop\privateGit\ZZCMS\node_modules\mysql\lib\Pool.js:108:5)
    at Ping.Sequence.end (C:\Users\admin\Desktop\privateGit\ZZCMS\node_modules\mysql\lib\protocol\sequences\Sequence.js:86:24)
    at Ping.Sequence.OkPacket (C:\Users\admin\Desktop\privateGit\ZZCMS\node_modules\mysql\lib\protocol\sequences\Sequence.js:95:8)
    at Protocol._parsePacket (C:\Users\admin\Desktop\privateGit\ZZCMS\node_modules\mysql\lib\protocol\Protocol.js:280:23)
    at Parser.write (C:\Users\admin\Desktop\privateGit\ZZCMS\node_modules\mysql\lib\protocol\Parser.js:74:12)
    at Protocol.write (C:\Users\admin\Desktop\privateGit\ZZCMS\node_modules\mysql\lib\protocol\Protocol.js:39:16)
    at Socket.<anonymous> (C:\Users\admin\Desktop\privateGit\ZZCMS\node_modules\mysql\lib\Connection.js:109:28)
  code: 'ER_PARSE_ERROR',
  errno: 1064,
  sqlState: '42000',
  index: 0,
  type: 'database' }
[2017-02-24 13:58:23.605] [ERROR] access - POST /api/reports
[2017-02-24 13:58:28.436] [ERROR] access - GET /api/reports
[2017-02-24 16:42:12.380] [ERROR] access - POST /api/reports
