[2017-03-02 10:49:25.454] [ERROR] database - C:\Users\admin\Desktop\privateGit\ZZCMS\core\models\news.model.js classNews the data is empty
[2017-03-02 10:49:25.459] [ERROR] access - GET /zhengquan/bankuai/7
[2017-03-02 10:50:07.185] [ERROR] database - C:\Users\admin\Desktop\privateGit\ZZCMS\core\models\news.model.js classNews the data is empty
[2017-03-02 10:50:07.189] [ERROR] access - GET /zhengquan/bankuai/7
[2017-03-02 11:01:59.691] [ERROR] database - C:\Users\admin\Desktop\privateGit\ZZCMS\core\models\news.model.js classNews the data is empty
[2017-03-02 11:01:59.693] [ERROR] access - GET /zhengquan/bankuai/7
[2017-03-02 11:02:16.302] [ERROR] database - C:\Users\admin\Desktop\privateGit\ZZCMS\core\models\news.model.js classNews the data is empty
[2017-03-02 11:02:16.303] [ERROR] access - GET /jinrong/jijin/39
[2017-03-02 11:02:17.973] [ERROR] database - C:\Users\admin\Desktop\privateGit\ZZCMS\core\models\news.model.js classNews the data is empty
[2017-03-02 11:02:17.977] [ERROR] access - GET /jinrong/baoxian/40
[2017-03-02 11:37:34.909] [ERROR] access - GET /jinrong/bank/38
[2017-03-02 11:52:29.843] [ERROR] database - C:\Users\admin\Desktop\privateGit\ZZCMS\core\models\news.model.js classNews the data is empty
[2017-03-02 11:52:29.847] [ERROR] access - GET /jinrong/baoxian/40
[2017-03-02 11:52:31.642] [ERROR] database - C:\Users\admin\Desktop\privateGit\ZZCMS\core\models\news.model.js classNews the data is empty
[2017-03-02 11:52:31.645] [ERROR] access - GET /jinrong/jijin/39
[2017-03-02 11:52:36.899] [ERROR] database - C:\Users\admin\Desktop\privateGit\ZZCMS\core\models\news.model.js classNews the data is empty
[2017-03-02 11:52:36.901] [ERROR] access - GET /jinrong/jijin/39
[2017-03-02 11:53:18.674] [ERROR] database - C:\Users\admin\Desktop\privateGit\ZZCMS\core\models\news.model.js classNews the data is empty
[2017-03-02 11:53:18.676] [ERROR] access - GET /jinrong/guijinshu/41
[2017-03-02 11:53:25.267] [ERROR] database - C:\Users\admin\Desktop\privateGit\ZZCMS\core\models\news.model.js classNews the data is empty
[2017-03-02 11:53:25.268] [ERROR] access - GET /shenghuo/yingshi/84
[2017-03-02 12:09:01.951] [ERROR] database - C:\Users\admin\Desktop\privateGit\ZZCMS\core\models\news.model.js classNews the data is empty
[2017-03-02 12:09:01.954] [ERROR] access - GET /shenghuo/yingshi/84
[2017-03-02 12:09:07.744] [ERROR] database - C:\Users\admin\Desktop\privateGit\ZZCMS\core\models\news.model.js classNews the data is empty
[2017-03-02 12:09:07.747] [ERROR] access - GET /shenghuo/jiankang/85
[2017-03-02 12:09:11.223] [ERROR] database - C:\Users\admin\Desktop\privateGit\ZZCMS\core\models\news.model.js classNews the data is empty
[2017-03-02 12:09:11.227] [ERROR] access - GET /shenghuo/yingshi/84
[2017-03-02 12:09:12.910] [ERROR] database - C:\Users\admin\Desktop\privateGit\ZZCMS\core\models\news.model.js classNews the data is empty
[2017-03-02 12:09:12.917] [ERROR] access - GET /shenghuo/dongman/87
[2017-03-02 12:09:14.393] [ERROR] database - C:\Users\admin\Desktop\privateGit\ZZCMS\core\models\news.model.js classNews the data is empty
[2017-03-02 12:09:14.399] [ERROR] access - GET /shenghuo/youxi/86
[2017-03-02 12:09:16.017] [ERROR] database - C:\Users\admin\Desktop\privateGit\ZZCMS\core\models\news.model.js classNews the data is empty
[2017-03-02 12:09:16.020] [ERROR] access - GET /shenghuo/tiyu/89
[2017-03-02 12:09:17.524] [ERROR] database - C:\Users\admin\Desktop\privateGit\ZZCMS\core\models\news.model.js classNews the data is empty
[2017-03-02 12:09:17.528] [ERROR] access - GET /shenghuo/jiankang/85
[2017-03-02 12:09:18.925] [ERROR] database - C:\Users\admin\Desktop\privateGit\ZZCMS\core\models\news.model.js classNews the data is empty
[2017-03-02 12:09:18.929] [ERROR] access - GET /shenghuo/yingshi/84
[2017-03-02 12:19:42.775] [ERROR] database - C:\Users\admin\Desktop\privateGit\ZZCMS\core\models\news.model.js classNews the data is empty
[2017-03-02 12:19:42.777] [ERROR] access - GET /zhengquan/bankuai/7
[2017-03-02 12:19:52.344] [ERROR] database - C:\Users\admin\Desktop\privateGit\ZZCMS\core\models\news.model.js classNews the data is empty
[2017-03-02 12:19:52.345] [ERROR] access - GET /zhengquan/bankuai/7
[2017-03-02 12:31:39.868] [ERROR] database - C:\Users\admin\Desktop\privateGit\ZZCMS\core\models\news.model.js classNews the data is empty
[2017-03-02 12:31:39.870] [ERROR] access - GET /zhengquan/bankuai/7
[2017-03-02 12:38:00.019] [ERROR] database - C:\Users\admin\Desktop\privateGit\ZZCMS\core\models\news.model.js classNews the data is empty
[2017-03-02 12:38:00.022] [ERROR] access - GET /zhengquan/bankuai/7
[2017-03-02 12:38:14.139] [ERROR] database - C:\Users\admin\Desktop\privateGit\ZZCMS\core\models\news.model.js classNews the data is empty
[2017-03-02 12:38:14.143] [ERROR] access - GET /keji/yidonghulian/58
[2017-03-02 13:41:10.955] [ERROR] database - C:\Users\admin\Desktop\privateGit\ZZCMS\core\models\news.model.js classNews the data is empty
[2017-03-02 13:41:10.957] [ERROR] access - GET /jinrong/jijin/39
[2017-03-02 13:41:13.875] [ERROR] database - C:\Users\admin\Desktop\privateGit\ZZCMS\core\models\news.model.js classNews the data is empty
[2017-03-02 13:41:13.877] [ERROR] access - GET /jinrong/waihui/42
[2017-03-02 13:41:16.322] [ERROR] database - C:\Users\admin\Desktop\privateGit\ZZCMS\core\models\news.model.js classNews the data is empty
[2017-03-02 13:41:16.324] [ERROR] access - GET /jinrong/xintuo/45
[2017-03-02 13:41:18.461] [ERROR] database - C:\Users\admin\Desktop\privateGit\ZZCMS\core\models\news.model.js classNews the data is empty
[2017-03-02 13:41:18.464] [ERROR] access - GET /jinrong/baoxian/40
[2017-03-02 13:45:31.683] [ERROR] database - C:\Users\admin\Desktop\privateGit\ZZCMS\core\models\news.model.js { Error: ER_WRONG_NUMBER_OF_COLUMNS_IN_SELECT: The used SELECT statements have a different number of columns
    at Query.Sequence._packetToError (C:\Users\admin\Desktop\privateGit\ZZCMS\node_modules\mysql\lib\protocol\sequences\Sequence.js:52:14)
    at Query.ErrorPacket (C:\Users\admin\Desktop\privateGit\ZZCMS\node_modules\mysql\lib\protocol\sequences\Query.js:83:18)
    at Protocol._parsePacket (C:\Users\admin\Desktop\privateGit\ZZCMS\node_modules\mysql\lib\protocol\Protocol.js:280:23)
    at Parser.write (C:\Users\admin\Desktop\privateGit\ZZCMS\node_modules\mysql\lib\protocol\Parser.js:74:12)
    at Protocol.write (C:\Users\admin\Desktop\privateGit\ZZCMS\node_modules\mysql\lib\protocol\Protocol.js:39:16)
    at Socket.<anonymous> (C:\Users\admin\Desktop\privateGit\ZZCMS\node_modules\mysql\lib\Connection.js:109:28)
    at emitOne (events.js:96:13)
    at Socket.emit (events.js:188:7)
    at readableAddChunk (_stream_readable.js:176:18)
    at Socket.Readable.push (_stream_readable.js:134:10)
    --------------------
    at Protocol._enqueue (C:\Users\admin\Desktop\privateGit\ZZCMS\node_modules\mysql\lib\protocol\Protocol.js:141:48)
    at PoolConnection.query (C:\Users\admin\Desktop\privateGit\ZZCMS\node_modules\mysql\lib\Connection.js:214:25)
    at C:\Users\admin\Desktop\privateGit\ZZCMS\lib\db.lib.js:20:14
    at Handshake.onConnect [as _callback] (C:\Users\admin\Desktop\privateGit\ZZCMS\node_modules\mysql\lib\Pool.js:63:7)
    at Handshake.Sequence.end (C:\Users\admin\Desktop\privateGit\ZZCMS\node_modules\mysql\lib\protocol\sequences\Sequence.js:86:24)
    at Handshake.Sequence.OkPacket (C:\Users\admin\Desktop\privateGit\ZZCMS\node_modules\mysql\lib\protocol\sequences\Sequence.js:95:8)
    at Protocol._parsePacket (C:\Users\admin\Desktop\privateGit\ZZCMS\node_modules\mysql\lib\protocol\Protocol.js:280:23)
    at Parser.write (C:\Users\admin\Desktop\privateGit\ZZCMS\node_modules\mysql\lib\protocol\Parser.js:74:12)
    at Protocol.write (C:\Users\admin\Desktop\privateGit\ZZCMS\node_modules\mysql\lib\protocol\Protocol.js:39:16)
    at Socket.<anonymous> (C:\Users\admin\Desktop\privateGit\ZZCMS\node_modules\mysql\lib\Connection.js:109:28)
  code: 'ER_WRONG_NUMBER_OF_COLUMNS_IN_SELECT',
  errno: 1222,
  sqlState: '21000',
  index: 0 }
[2017-03-02 13:45:31.697] [ERROR] access - GET /jinrong/201714/dbomkf60528910.html
[2017-03-02 13:45:41.942] [ERROR] database - C:\Users\admin\Desktop\privateGit\ZZCMS\core\models\news.model.js { Error: ER_WRONG_NUMBER_OF_COLUMNS_IN_SELECT: The used SELECT statements have a different number of columns
    at Query.Sequence._packetToError (C:\Users\admin\Desktop\privateGit\ZZCMS\node_modules\mysql\lib\protocol\sequences\Sequence.js:52:14)
    at Query.ErrorPacket (C:\Users\admin\Desktop\privateGit\ZZCMS\node_modules\mysql\lib\protocol\sequences\Query.js:83:18)
    at Protocol._parsePacket (C:\Users\admin\Desktop\privateGit\ZZCMS\node_modules\mysql\lib\protocol\Protocol.js:280:23)
    at Parser.write (C:\Users\admin\Desktop\privateGit\ZZCMS\node_modules\mysql\lib\protocol\Parser.js:74:12)
    at Protocol.write (C:\Users\admin\Desktop\privateGit\ZZCMS\node_modules\mysql\lib\protocol\Protocol.js:39:16)
    at Socket.<anonymous> (C:\Users\admin\Desktop\privateGit\ZZCMS\node_modules\mysql\lib\Connection.js:109:28)
    at emitOne (events.js:96:13)
    at Socket.emit (events.js:188:7)
    at readableAddChunk (_stream_readable.js:176:18)
    at Socket.Readable.push (_stream_readable.js:134:10)
    --------------------
    at Protocol._enqueue (C:\Users\admin\Desktop\privateGit\ZZCMS\node_modules\mysql\lib\protocol\Protocol.js:141:48)
    at PoolConnection.query (C:\Users\admin\Desktop\privateGit\ZZCMS\node_modules\mysql\lib\Connection.js:214:25)
    at C:\Users\admin\Desktop\privateGit\ZZCMS\lib\db.lib.js:20:14
    at Handshake.onConnect [as _callback] (C:\Users\admin\Desktop\privateGit\ZZCMS\node_modules\mysql\lib\Pool.js:63:7)
    at Handshake.Sequence.end (C:\Users\admin\Desktop\privateGit\ZZCMS\node_modules\mysql\lib\protocol\sequences\Sequence.js:86:24)
    at Handshake.Sequence.OkPacket (C:\Users\admin\Desktop\privateGit\ZZCMS\node_modules\mysql\lib\protocol\sequences\Sequence.js:95:8)
    at Protocol._parsePacket (C:\Users\admin\Desktop\privateGit\ZZCMS\node_modules\mysql\lib\protocol\Protocol.js:280:23)
    at Parser.write (C:\Users\admin\Desktop\privateGit\ZZCMS\node_modules\mysql\lib\protocol\Parser.js:74:12)
    at Protocol.write (C:\Users\admin\Desktop\privateGit\ZZCMS\node_modules\mysql\lib\protocol\Protocol.js:39:16)
    at Socket.<anonymous> (C:\Users\admin\Desktop\privateGit\ZZCMS\node_modules\mysql\lib\Connection.js:109:28)
  code: 'ER_WRONG_NUMBER_OF_COLUMNS_IN_SELECT',
  errno: 1222,
  sqlState: '21000',
  index: 0 }
[2017-03-02 13:45:41.959] [ERROR] access - GET /jinrong/201714/dbomkf60528910.html
[2017-03-02 13:56:38.258] [ERROR] access - GET /jinrong/201714/dbomkf60528910.html
[2017-03-02 13:57:32.222] [ERROR] access - GET /jinrong/201714/dbomkf60528910.html
[2017-03-02 14:24:53.165] [ERROR] database - C:\Users\admin\Desktop\privateGit\ZZCMS\core\models\news.model.js channelNews the data is empty
[2017-03-02 14:24:53.168] [ERROR] access - GET /jinrong/38
[2017-03-02 14:24:53.178] [ERROR] database - C:\Users\admin\Desktop\privateGit\ZZCMS\core\models\news.model.js classNews the data is empty
[2017-03-02 14:25:20.864] [ERROR] database - C:\Users\admin\Desktop\privateGit\ZZCMS\core\models\news.model.js classNews the data is empty
[2017-03-02 14:25:20.869] [ERROR] access - GET /jinrong/jijin/39
[2017-03-02 14:25:57.415] [ERROR] database - C:\Users\admin\Desktop\privateGit\ZZCMS\core\models\news.model.js classNews the data is empty
[2017-03-02 14:25:57.417] [ERROR] access - GET /jinrong/waihui/42
[2017-03-02 14:31:47.372] [ERROR] database - C:\Users\admin\Desktop\privateGit\ZZCMS\core\models\news.model.js classNews the data is empty
[2017-03-02 14:31:47.376] [ERROR] access - GET /zhengquan/bankuai/7
[2017-03-02 14:34:35.586] [ERROR] access - GET /jinrong/201714/dbomkf60528910.html
[2017-03-02 14:34:36.535] [ERROR] access - GET /jinrong/201714/dbomkf60528910.html
[2017-03-02 14:34:37.012] [ERROR] access - GET /jinrong/201714/dbomkf60528910.html
[2017-03-02 14:34:37.284] [ERROR] access - GET /jinrong/201714/dbomkf60528910.html
[2017-03-02 14:34:37.556] [ERROR] access - GET /jinrong/201714/dbomkf60528910.html
[2017-03-02 14:34:37.734] [ERROR] access - GET /jinrong/201714/dbomkf60528910.html
[2017-03-02 14:34:37.966] [ERROR] access - GET /jinrong/201714/dbomkf60528910.html
[2017-03-02 14:35:28.135] [ERROR] access - GET /jinrong/201714/dbomkf60528910.html
[2017-03-02 14:51:05.107] [ERROR] database - C:\Users\admin\Desktop\privateGit\ZZCMS\core\models\news.model.js classNews the data is empty
[2017-03-02 14:51:05.110] [ERROR] access - GET /qiche/xinche/13
[2017-03-02 14:51:12.943] [ERROR] database - C:\Users\admin\Desktop\privateGit\ZZCMS\core\models\news.model.js classNews the data is empty
[2017-03-02 14:51:12.951] [ERROR] access - GET /qiche/weixiu/36
[2017-03-02 15:06:16.849] [ERROR] access - GET /qiche/2
[2017-03-02 15:06:18.059] [ERROR] access - GET /qiche/2
[2017-03-02 15:06:50.531] [ERROR] access - GET /qiche/2
[2017-03-02 15:06:58.187] [ERROR] access - GET /qiche/2
[2017-03-02 15:10:09.730] [ERROR] access - GET /jinrong/27
[2017-03-02 15:10:10.802] [ERROR] access - GET /jinrong/27
[2017-03-02 15:10:11.447] [ERROR] access - GET /jinrong/27
[2017-03-02 15:11:01.682] [ERROR] access - GET /jinrong/27
[2017-03-02 15:11:02.737] [ERROR] access - GET /jinrong/27
[2017-03-02 15:11:03.269] [ERROR] access - GET /jinrong/27
[2017-03-02 15:11:03.476] [ERROR] access - GET /jinrong/27
[2017-03-02 15:11:03.705] [ERROR] access - GET /jinrong/27
[2017-03-02 15:11:04.100] [ERROR] access - GET /jinrong/27
[2017-03-02 15:11:04.359] [ERROR] access - GET /jinrong/27
[2017-03-02 15:11:04.562] [ERROR] access - GET /jinrong/27
[2017-03-02 15:11:04.796] [ERROR] access - GET /jinrong/27
[2017-03-02 15:11:05.012] [ERROR] access - GET /jinrong/27
[2017-03-02 15:11:05.193] [ERROR] access - GET /jinrong/27
[2017-03-02 15:11:17.041] [ERROR] access - GET /jinrong/27
