[2017-02-23 10:21:50.413] [ERROR] database - C:\Users\admin\Desktop\privateGit\ZZCMS\core\controllers\api_reports.controller.js { Error: ER_BAD_FIELD_ERROR: Unknown column 'undefined' in 'where clause'
    at Query.Sequence._packetToError (C:\Users\admin\Desktop\privateGit\ZZCMS\node_modules\mysql\lib\protocol\sequences\Sequence.js:52:14)
    at Query.ErrorPacket (C:\Users\admin\Desktop\privateGit\ZZCMS\node_modules\mysql\lib\protocol\sequences\Query.js:83:18)
    at Protocol._parsePacket (C:\Users\admin\Desktop\privateGit\ZZCMS\node_modules\mysql\lib\protocol\Protocol.js:280:23)
    at Parser.write (C:\Users\admin\Desktop\privateGit\ZZCMS\node_modules\mysql\lib\protocol\Parser.js:74:12)
    at Protocol.write (C:\Users\admin\Desktop\privateGit\ZZCMS\node_modules\mysql\lib\protocol\Protocol.js:39:16)
    at Socket.<anonymous> (C:\Users\admin\Desktop\privateGit\ZZCMS\node_modules\mysql\lib\Connection.js:109:28)
    at emitOne (events.js:96:13)
    at Socket.emit (events.js:188:7)
    at readableAddChunk (_stream_readable.js:176:18)
    at Socket.Readable.push (_stream_readable.js:134:10)
    --------------------
    at Protocol._enqueue (C:\Users\admin\Desktop\privateGit\ZZCMS\node_modules\mysql\lib\protocol\Protocol.js:141:48)
    at PoolConnection.query (C:\Users\admin\Desktop\privateGit\ZZCMS\node_modules\mysql\lib\Connection.js:214:25)
    at C:\Users\admin\Desktop\privateGit\ZZCMS\lib\db.lib.js:20:14
    at Ping.onOperationComplete [as _callback] (C:\Users\admin\Desktop\privateGit\ZZCMS\node_modules\mysql\lib\Pool.js:108:5)
    at Ping.Sequence.end (C:\Users\admin\Desktop\privateGit\ZZCMS\node_modules\mysql\lib\protocol\sequences\Sequence.js:86:24)
    at Ping.Sequence.OkPacket (C:\Users\admin\Desktop\privateGit\ZZCMS\node_modules\mysql\lib\protocol\sequences\Sequence.js:95:8)
    at Protocol._parsePacket (C:\Users\admin\Desktop\privateGit\ZZCMS\node_modules\mysql\lib\protocol\Protocol.js:280:23)
    at Parser.write (C:\Users\admin\Desktop\privateGit\ZZCMS\node_modules\mysql\lib\protocol\Parser.js:74:12)
    at Protocol.write (C:\Users\admin\Desktop\privateGit\ZZCMS\node_modules\mysql\lib\protocol\Protocol.js:39:16)
    at Socket.<anonymous> (C:\Users\admin\Desktop\privateGit\ZZCMS\node_modules\mysql\lib\Connection.js:109:28)
  code: 'ER_BAD_FIELD_ERROR',
  errno: 1054,
  sqlState: '42S22',
  index: 0,
  type: 'database' }
[2017-02-23 10:21:50.421] [ERROR] access - GET /api/reports/36/0/list
[2017-02-23 13:43:35.914] [ERROR] access - GET /admin/editReports?reportId=20
